Release 14.7 - xst P.20131013 (nt64)
Copyright (c) 1995-2013 Xilinx, Inc.  All rights reserved.
--> Parameter TMPDIR set to xst/projnav.tmp


Total REAL time to Xst completion: 1.00 secs
Total CPU time to Xst completion: 0.10 secs
 
--> Parameter xsthdpdir set to xst


Total REAL time to Xst completion: 1.00 secs
Total CPU time to Xst completion: 0.10 secs
 
--> Reading design: cpu.prj

TABLE OF CONTENTS
  1) Synthesis Options Summary
  2) HDL Compilation
  3) Design Hierarchy Analysis
  4) HDL Analysis
  5) HDL Synthesis
     5.1) HDL Synthesis Report
  6) Advanced HDL Synthesis
     6.1) Advanced HDL Synthesis Report
  7) Low Level Synthesis
  8) Partition Report
  9) Final Report
	9.1) Device utilization summary
	9.2) Partition Resource Summary
	9.3) TIMING REPORT


=========================================================================
*                      Synthesis Options Summary                        *
=========================================================================
---- Source Parameters
Input File Name                    : "cpu.prj"
Input Format                       : mixed
Ignore Synthesis Constraint File   : NO

---- Target Parameters
Output File Name                   : "cpu"
Output Format                      : NGC
Target Device                      : xc3s500e-4-fg320

---- Source Options
Top Module Name                    : cpu
Automatic FSM Extraction           : YES
FSM Encoding Algorithm             : Auto
Safe Implementation                : No
FSM Style                          : LUT
RAM Extraction                     : Yes
RAM Style                          : Auto
ROM Extraction                     : Yes
Mux Style                          : Auto
Decoder Extraction                 : YES
Priority Encoder Extraction        : Yes
Shift Register Extraction          : YES
Logical Shifter Extraction         : YES
XOR Collapsing                     : YES
ROM Style                          : Auto
Mux Extraction                     : Yes
Resource Sharing                   : YES
Asynchronous To Synchronous        : NO
Multiplier Style                   : Auto
Automatic Register Balancing       : No

---- Target Options
Add IO Buffers                     : YES
Global Maximum Fanout              : 100000
Add Generic Clock Buffer(BUFG)     : 24
Register Duplication               : YES
Slice Packing                      : YES
Optimize Instantiated Primitives   : NO
Use Clock Enable                   : Yes
Use Synchronous Set                : Yes
Use Synchronous Reset              : Yes
Pack IO Registers into IOBs        : Auto
Equivalent register Removal        : YES

---- General Options
Optimization Goal                  : Speed
Optimization Effort                : 1
Keep Hierarchy                     : No
Netlist Hierarchy                  : As_Optimized
RTL Output                         : Yes
Global Optimization                : AllClockNets
Read Cores                         : YES
Write Timing Constraints           : NO
Cross Clock Analysis               : NO
Hierarchy Separator                : /
Bus Delimiter                      : <>
Case Specifier                     : Maintain
Slice Utilization Ratio            : 100
BRAM Utilization Ratio             : 100
Verilog 2001                       : YES
Auto BRAM Packing                  : NO
Slice Utilization Ratio Delta      : 5

=========================================================================


=========================================================================
*                          HDL Compilation                              *
=========================================================================
Compiling verilog file "SignExtend.v" in library work
Compiling verilog file "reg4.v" in library work
Module <SignExtend> compiled
Compiling verilog file "reg16.v" in library work
Module <reg4> compiled
Compiling verilog file "reg10.v" in library work
Module <reg16> compiled
Compiling verilog file "controlUnit.v" in library work
Module <reg10> compiled
Compiling verilog include file "opcodes.v"
Compiling verilog include file "opsel.v"
Compiling verilog file "ALU.v" in library work
Module <controlUnit> compiled
Compiling verilog file "cpu.v" in library work
Module <ALU> compiled
Module <cpu> compiled
No errors in compilation
Analysis of file <"cpu.prj"> succeeded.
 

=========================================================================
*                     Design Hierarchy Analysis                         *
=========================================================================
Analyzing hierarchy for module <cpu> in library <work>.

Analyzing hierarchy for module <SignExtend> in library <work>.

Analyzing hierarchy for module <reg4> in library <work>.

Analyzing hierarchy for module <controlUnit> in library <work> with parameters.
	CF = "00000000000000000000000000000001"
	NF = "00000000000000000000000000000010"
	OF = "00000000000000000000000000000000"
	ZF = "00000000000000000000000000000011"
	sel_ACC = "00000000000000000000000000000010"
	sel_PC = "00000000000000000000000000000011"
	sel_SPnext = "00000000000000000000000000000011"
	sel_SPreg = "00000000000000000000000000000010"
	sel_X = "00000000000000000000000000000000"
	sel_Y = "00000000000000000000000000000001"
	sel_addr_res = "00000000000000000000000000000000"
	sel_addrimm = "00000000000000000000000000000001"
	sel_imm = "00000000000000000000000000000011"

Analyzing hierarchy for module <reg16> in library <work>.

Analyzing hierarchy for module <reg10> in library <work>.


=========================================================================
*                            HDL Analysis                               *
=========================================================================
Analyzing top module <cpu>.
WARNING:Xst:2211 - "ALU.v" line 140: Instantiating black box module <ALU>.
Module <cpu> is correct for synthesis.
 
Analyzing module <SignExtend> in library <work>.
Module <SignExtend> is correct for synthesis.
 
Analyzing module <reg4> in library <work>.
Module <reg4> is correct for synthesis.
 
Analyzing module <controlUnit> in library <work>.
	CF = 32'sb00000000000000000000000000000001
	NF = 32'sb00000000000000000000000000000010
	OF = 32'sb00000000000000000000000000000000
	ZF = 32'sb00000000000000000000000000000011
	sel_ACC = 32'sb00000000000000000000000000000010
	sel_PC = 32'sb00000000000000000000000000000011
	sel_SPnext = 32'sb00000000000000000000000000000011
	sel_SPreg = 32'sb00000000000000000000000000000010
	sel_X = 32'sb00000000000000000000000000000000
	sel_Y = 32'sb00000000000000000000000000000001
	sel_addr_res = 32'sb00000000000000000000000000000000
	sel_addrimm = 32'sb00000000000000000000000000000001
	sel_imm = 32'sb00000000000000000000000000000011
Module <controlUnit> is correct for synthesis.
 
Analyzing module <reg16> in library <work>.
Module <reg16> is correct for synthesis.
 
Analyzing module <reg10> in library <work>.
Module <reg10> is correct for synthesis.
 

=========================================================================
*                           HDL Synthesis                               *
=========================================================================

Performing bidirectional port resolution...

Synthesizing Unit <SignExtend>.
    Related source file is "SignExtend.v".
Unit <SignExtend> synthesized.


Synthesizing Unit <reg4>.
    Related source file is "reg4.v".
    Found 4-bit register for signal <q>.
    Summary:
	inferred   4 D-type flip-flop(s).
Unit <reg4> synthesized.


Synthesizing Unit <controlUnit>.
    Related source file is "controlUnit.v".
WARNING:Xst:647 - Input <clk> is never used. This port will be preserved and left unconnected if it belongs to a top-level block or it belongs to a sub-block and the hierarchy of this sub-block is preserved.
WARNING:Xst:647 - Input <rst> is never used. This port will be preserved and left unconnected if it belongs to a top-level block or it belongs to a sub-block and the hierarchy of this sub-block is preserved.
WARNING:Xst:647 - Input <instr<0>> is never used. This port will be preserved and left unconnected if it belongs to a top-level block or it belongs to a sub-block and the hierarchy of this sub-block is preserved.
    Found 4x4-bit ROM for signal <COND_3$rom0000>.
    Found 64x1-bit ROM for signal <save_flags>.
    Found 1-bit xor2 for signal <branch$xor0000> created at line 188.
    Summary:
	inferred   2 ROM(s).
Unit <controlUnit> synthesized.


Synthesizing Unit <reg16>.
    Related source file is "reg16.v".
    Found 16-bit register for signal <q>.
    Summary:
	inferred  16 D-type flip-flop(s).
Unit <reg16> synthesized.


Synthesizing Unit <reg10>.
    Related source file is "reg10.v".
    Found 10-bit register for signal <q>.
    Summary:
	inferred  10 D-type flip-flop(s).
Unit <reg10> synthesized.


Synthesizing Unit <cpu>.
    Related source file is "cpu.v".
    Found 16-bit 4-to-1 multiplexer for signal <data_Addr>.
    Found 16-bit 4-to-1 multiplexer for signal <write_data>.
    Found 10-bit adder for signal <PC_reg_plus_1>.
    Found 16-bit addsub for signal <SP_next>.
    Found 16-bit 4-to-1 multiplexer for signal <srcA>.
    Found 16-bit 4-to-1 multiplexer for signal <srcB>.
    Summary:
	inferred   2 Adder/Subtractor(s).
	inferred  64 Multiplexer(s).
Unit <cpu> synthesized.

INFO:Xst:1767 - HDL ADVISOR - Resource sharing has identified that some arithmetic operations in this design can share the same physical resources for reduced device utilization. For improved clock frequency you may try to disable resource sharing.

=========================================================================
HDL Synthesis Report

Macro Statistics
# ROMs                                                 : 2
 4x4-bit ROM                                           : 1
 64x1-bit ROM                                          : 1
# Adders/Subtractors                                   : 2
 10-bit adder                                          : 1
 16-bit addsub                                         : 1
# Registers                                            : 6
 10-bit register                                       : 1
 16-bit register                                       : 4
 4-bit register                                        : 1
# Multiplexers                                         : 4
 16-bit 4-to-1 multiplexer                             : 4
# Xors                                                 : 1
 1-bit xor2                                            : 1

=========================================================================

=========================================================================
*                       Advanced HDL Synthesis                          *
=========================================================================


=========================================================================
Advanced HDL Synthesis Report

Macro Statistics
# ROMs                                                 : 2
 4x4-bit ROM                                           : 1
 64x1-bit ROM                                          : 1
# Adders/Subtractors                                   : 2
 10-bit adder                                          : 1
 16-bit addsub                                         : 1
# Registers                                            : 78
 Flip-Flops                                            : 78
# Multiplexers                                         : 4
 16-bit 4-to-1 multiplexer                             : 4
# Xors                                                 : 1
 1-bit xor2                                            : 1

=========================================================================

=========================================================================
*                         Low Level Synthesis                           *
=========================================================================

Optimizing unit <cpu> ...

Optimizing unit <controlUnit> ...

Optimizing unit <reg16> ...

Optimizing unit <reg10> ...

Mapping all equations...
Building and optimizing final netlist ...
Found area constraint ratio of 100 (+ 5) on block cpu, actual ratio is 3.

Final Macro Processing ...

=========================================================================
Final Register Report

Macro Statistics
# Registers                                            : 78
 Flip-Flops                                            : 78

=========================================================================

=========================================================================
*                           Partition Report                            *
=========================================================================

Partition Implementation Status
-------------------------------

  No Partitions were found in this design.

-------------------------------

=========================================================================
*                            Final Report                               *
=========================================================================
Final Results
RTL Top Level Output File Name     : cpu.ngr
Top Level Output File Name         : cpu
Output Format                      : NGC
Optimization Goal                  : Speed
Keep Hierarchy                     : No

Design Statistics
# IOs                              : 77

Cell Usage :
# BELS                             : 410
#      GND                         : 1
#      INV                         : 1
#      LUT1                        : 9
#      LUT2                        : 28
#      LUT3                        : 157
#      LUT3_D                      : 1
#      LUT3_L                      : 8
#      LUT4                        : 91
#      LUT4_D                      : 1
#      LUT4_L                      : 3
#      MUXCY                       : 24
#      MUXF5                       : 58
#      MUXF6                       : 1
#      VCC                         : 1
#      XORCY                       : 26
# FlipFlops/Latches                : 78
#      FDRE                        : 78
# Clock Buffers                    : 1
#      BUFGP                       : 1
# IO Buffers                       : 76
#      IBUF                        : 33
#      OBUF                        : 43
# Others                           : 1
#      ALU                         : 1
=========================================================================

Device utilization summary:
---------------------------

Selected Device : 3s500efg320-4 

 Number of Slices:                      161  out of   4656     3%  
 Number of Slice Flip Flops:             78  out of   9312     0%  
 Number of 4 input LUTs:                299  out of   9312     3%  
 Number of IOs:                          77
 Number of bonded IOBs:                  77  out of    232    33%  
 Number of GCLKs:                         1  out of     24     4%  

---------------------------
Partition Resource Summary:
---------------------------

  No Partitions were found in this design.

---------------------------


=========================================================================
TIMING REPORT

NOTE: THESE TIMING NUMBERS ARE ONLY A SYNTHESIS ESTIMATE.
      FOR ACCURATE TIMING INFORMATION PLEASE REFER TO THE TRACE REPORT
      GENERATED AFTER PLACE-and-ROUTE.

Clock Information:
------------------
-----------------------------------+------------------------+-------+
Clock Signal                       | Clock buffer(FF name)  | Load  |
-----------------------------------+------------------------+-------+
clk                                | BUFGP                  | 78    |
-----------------------------------+------------------------+-------+

Asynchronous Control Signals Information:
----------------------------------------
No asynchronous control signals found in this design

Timing Summary:
---------------
Speed Grade: -4

   Minimum period: 6.645ns (Maximum Frequency: 150.489MHz)
   Minimum input arrival time before clock: 10.135ns
   Maximum output required time after clock: 8.889ns
   Maximum combinational path delay: 14.705ns

Timing Detail:
--------------
All values displayed in nanoseconds (ns)

=========================================================================
Timing constraint: Default period analysis for Clock 'clk'
  Clock period: 6.645ns (frequency: 150.489MHz)
  Total number of paths / destination ports: 412 / 26
-------------------------------------------------------------------------
Delay:               6.645ns (Levels of Logic = 5)
  Source:            FlagReg/q_1 (FF)
  Destination:       PC/q_8 (FF)
  Source Clock:      clk rising
  Destination Clock: clk rising

  Data Path: FlagReg/q_1 to PC/q_8
                                Gate     Net
    Cell:in->out      fanout   Delay   Delay  Logical Name (Net Name)
    ----------------------------------------  ------------
     FDRE:C->Q             1   0.591   0.455  FlagReg/q_1 (FlagReg/q_1)
     LUT4:I2->O            1   0.704   0.424  cu/branch10 (cu/branch10)
     LUT4_L:I3->LO         1   0.704   0.104  cu/branch44 (cu/branch44)
     LUT4:I3->O            2   0.704   0.451  cu/branch137 (cu/branch137)
     LUT4_D:I3->O          8   0.704   0.792  cu/branch244 (branch)
     LUT3:I2->O            1   0.704   0.000  PC_next<8> (PC_next<8>)
     FDRE:D                    0.308          PC/q_8
    ----------------------------------------
    Total                      6.645ns (4.419ns logic, 2.226ns route)
                                       (66.5% logic, 33.5% route)

=========================================================================
Timing constraint: Default OFFSET IN BEFORE for Clock 'clk'
  Total number of paths / destination ports: 3661 / 234
-------------------------------------------------------------------------
Offset:              10.135ns (Levels of Logic = 21)
  Source:            instr<11> (PAD)
  Destination:       SP/q_15 (FF)
  Destination Clock: clk rising

  Data Path: instr<11> to SP/q_15
                                Gate     Net
    Cell:in->out      fanout   Delay   Delay  Logical Name (Net Name)
    ----------------------------------------  ------------
     IBUF:I->O            44   1.218   1.441  instr_11_IBUF (instr_11_IBUF)
     LUT2:I0->O            6   0.704   0.673  cu/opsel<3>11 (cu/N2)
     LUT4:I3->O            1   0.704   0.455  cu/push_SW0 (N35)
     LUT4:I2->O           17   0.704   1.130  cu/push (push)
     LUT2:I1->O            1   0.704   0.000  Maddsub_SP_next_lut<0> (Maddsub_SP_next_lut<0>)
     MUXCY:S->O            1   0.464   0.000  Maddsub_SP_next_cy<0> (Maddsub_SP_next_cy<0>)
     MUXCY:CI->O           1   0.059   0.000  Maddsub_SP_next_cy<1> (Maddsub_SP_next_cy<1>)
     MUXCY:CI->O           1   0.059   0.000  Maddsub_SP_next_cy<2> (Maddsub_SP_next_cy<2>)
     MUXCY:CI->O           1   0.059   0.000  Maddsub_SP_next_cy<3> (Maddsub_SP_next_cy<3>)
     MUXCY:CI->O           1   0.059   0.000  Maddsub_SP_next_cy<4> (Maddsub_SP_next_cy<4>)
     MUXCY:CI->O           1   0.059   0.000  Maddsub_SP_next_cy<5> (Maddsub_SP_next_cy<5>)
     MUXCY:CI->O           1   0.059   0.000  Maddsub_SP_next_cy<6> (Maddsub_SP_next_cy<6>)
     MUXCY:CI->O           1   0.059   0.000  Maddsub_SP_next_cy<7> (Maddsub_SP_next_cy<7>)
     MUXCY:CI->O           1   0.059   0.000  Maddsub_SP_next_cy<8> (Maddsub_SP_next_cy<8>)
     MUXCY:CI->O           1   0.059   0.000  Maddsub_SP_next_cy<9> (Maddsub_SP_next_cy<9>)
     MUXCY:CI->O           1   0.059   0.000  Maddsub_SP_next_cy<10> (Maddsub_SP_next_cy<10>)
     MUXCY:CI->O           1   0.059   0.000  Maddsub_SP_next_cy<11> (Maddsub_SP_next_cy<11>)
     MUXCY:CI->O           1   0.059   0.000  Maddsub_SP_next_cy<12> (Maddsub_SP_next_cy<12>)
     MUXCY:CI->O           1   0.059   0.000  Maddsub_SP_next_cy<13> (Maddsub_SP_next_cy<13>)
     MUXCY:CI->O           0   0.059   0.000  Maddsub_SP_next_cy<14> (Maddsub_SP_next_cy<14>)
     XORCY:CI->O           2   0.804   0.000  Maddsub_SP_next_xor<15> (SP_next<15>)
     FDRE:D                    0.308          SP/q_15
    ----------------------------------------
    Total                     10.135ns (6.436ns logic, 3.699ns route)
                                       (63.5% logic, 36.5% route)

=========================================================================
Timing constraint: Default OFFSET OUT AFTER for Clock 'clk'
  Total number of paths / destination ports: 421 / 78
-------------------------------------------------------------------------
Offset:              8.889ns (Levels of Logic = 19)
  Source:            SP/q_0 (FF)
  Destination:       data_Addr<15> (PAD)
  Source Clock:      clk rising

  Data Path: SP/q_0 to data_Addr<15>
                                Gate     Net
    Cell:in->out      fanout   Delay   Delay  Logical Name (Net Name)
    ----------------------------------------  ------------
     FDRE:C->Q             2   0.591   0.622  SP/q_0 (SP/q_0)
     LUT2:I0->O            1   0.704   0.000  Maddsub_SP_next_lut<0> (Maddsub_SP_next_lut<0>)
     MUXCY:S->O            1   0.464   0.000  Maddsub_SP_next_cy<0> (Maddsub_SP_next_cy<0>)
     MUXCY:CI->O           1   0.059   0.000  Maddsub_SP_next_cy<1> (Maddsub_SP_next_cy<1>)
     MUXCY:CI->O           1   0.059   0.000  Maddsub_SP_next_cy<2> (Maddsub_SP_next_cy<2>)
     MUXCY:CI->O           1   0.059   0.000  Maddsub_SP_next_cy<3> (Maddsub_SP_next_cy<3>)
     MUXCY:CI->O           1   0.059   0.000  Maddsub_SP_next_cy<4> (Maddsub_SP_next_cy<4>)
     MUXCY:CI->O           1   0.059   0.000  Maddsub_SP_next_cy<5> (Maddsub_SP_next_cy<5>)
     MUXCY:CI->O           1   0.059   0.000  Maddsub_SP_next_cy<6> (Maddsub_SP_next_cy<6>)
     MUXCY:CI->O           1   0.059   0.000  Maddsub_SP_next_cy<7> (Maddsub_SP_next_cy<7>)
     MUXCY:CI->O           1   0.059   0.000  Maddsub_SP_next_cy<8> (Maddsub_SP_next_cy<8>)
     MUXCY:CI->O           1   0.059   0.000  Maddsub_SP_next_cy<9> (Maddsub_SP_next_cy<9>)
     MUXCY:CI->O           1   0.059   0.000  Maddsub_SP_next_cy<10> (Maddsub_SP_next_cy<10>)
     MUXCY:CI->O           1   0.059   0.000  Maddsub_SP_next_cy<11> (Maddsub_SP_next_cy<11>)
     MUXCY:CI->O           1   0.059   0.000  Maddsub_SP_next_cy<12> (Maddsub_SP_next_cy<12>)
     MUXCY:CI->O           1   0.059   0.000  Maddsub_SP_next_cy<13> (Maddsub_SP_next_cy<13>)
     MUXCY:CI->O           0   0.059   0.000  Maddsub_SP_next_cy<14> (Maddsub_SP_next_cy<14>)
     XORCY:CI->O           2   0.804   0.447  Maddsub_SP_next_xor<15> (SP_next<15>)
     MUXF5:S->O            1   0.739   0.420  Mmux_data_Addr12_f5 (data_Addr_15_OBUF)
     OBUF:I->O                 3.272          data_Addr_15_OBUF (data_Addr<15>)
    ----------------------------------------
    Total                      8.889ns (7.400ns logic, 1.489ns route)
                                       (83.2% logic, 16.8% route)

=========================================================================
Timing constraint: Default path analysis
  Total number of paths / destination ports: 7091 / 72
-------------------------------------------------------------------------
Delay:               14.705ns (Levels of Logic = 23)
  Source:            instr<11> (PAD)
  Destination:       data_Addr<15> (PAD)

  Data Path: instr<11> to data_Addr<15>
                                Gate     Net
    Cell:in->out      fanout   Delay   Delay  Logical Name (Net Name)
    ----------------------------------------  ------------
     IBUF:I->O            44   1.218   1.441  instr_11_IBUF (instr_11_IBUF)
     LUT2:I0->O            6   0.704   0.673  cu/opsel<3>11 (cu/N2)
     LUT4:I3->O            1   0.704   0.455  cu/push_SW0 (N35)
     LUT4:I2->O           17   0.704   1.130  cu/push (push)
     LUT2:I1->O            1   0.704   0.000  Maddsub_SP_next_lut<0> (Maddsub_SP_next_lut<0>)
     MUXCY:S->O            1   0.464   0.000  Maddsub_SP_next_cy<0> (Maddsub_SP_next_cy<0>)
     MUXCY:CI->O           1   0.059   0.000  Maddsub_SP_next_cy<1> (Maddsub_SP_next_cy<1>)
     MUXCY:CI->O           1   0.059   0.000  Maddsub_SP_next_cy<2> (Maddsub_SP_next_cy<2>)
     MUXCY:CI->O           1   0.059   0.000  Maddsub_SP_next_cy<3> (Maddsub_SP_next_cy<3>)
     MUXCY:CI->O           1   0.059   0.000  Maddsub_SP_next_cy<4> (Maddsub_SP_next_cy<4>)
     MUXCY:CI->O           1   0.059   0.000  Maddsub_SP_next_cy<5> (Maddsub_SP_next_cy<5>)
     MUXCY:CI->O           1   0.059   0.000  Maddsub_SP_next_cy<6> (Maddsub_SP_next_cy<6>)
     MUXCY:CI->O           1   0.059   0.000  Maddsub_SP_next_cy<7> (Maddsub_SP_next_cy<7>)
     MUXCY:CI->O           1   0.059   0.000  Maddsub_SP_next_cy<8> (Maddsub_SP_next_cy<8>)
     MUXCY:CI->O           1   0.059   0.000  Maddsub_SP_next_cy<9> (Maddsub_SP_next_cy<9>)
     MUXCY:CI->O           1   0.059   0.000  Maddsub_SP_next_cy<10> (Maddsub_SP_next_cy<10>)
     MUXCY:CI->O           1   0.059   0.000  Maddsub_SP_next_cy<11> (Maddsub_SP_next_cy<11>)
     MUXCY:CI->O           1   0.059   0.000  Maddsub_SP_next_cy<12> (Maddsub_SP_next_cy<12>)
     MUXCY:CI->O           1   0.059   0.000  Maddsub_SP_next_cy<13> (Maddsub_SP_next_cy<13>)
     MUXCY:CI->O           0   0.059   0.000  Maddsub_SP_next_cy<14> (Maddsub_SP_next_cy<14>)
     XORCY:CI->O           2   0.804   0.447  Maddsub_SP_next_xor<15> (SP_next<15>)
     MUXF5:S->O            1   0.739   0.420  Mmux_data_Addr12_f5 (data_Addr_15_OBUF)
     OBUF:I->O                 3.272          data_Addr_15_OBUF (data_Addr<15>)
    ----------------------------------------
    Total                     14.705ns (10.139ns logic, 4.566ns route)
                                       (68.9% logic, 31.1% route)

=========================================================================


Total REAL time to Xst completion: 6.00 secs
Total CPU time to Xst completion: 5.08 secs
 
--> 

Total memory usage is 4513076 kilobytes

Number of errors   :    0 (   0 filtered)
Number of warnings :    5 (   0 filtered)
Number of infos    :    1 (   0 filtered)

