Running: E:\faculta\ISE14.7-Xilinx\14.7\ISE_DS\ISE\bin\nt64\unwrapped\fuse.exe -intstyle ise -incremental -lib unisims_ver -lib unimacro_ver -lib xilinxcorelib_ver -o E:/faculta/FIC/0xcHa0s/xcHa0s/top_module_isim_beh.exe -prj E:/faculta/FIC/0xcHa0s/xcHa0s/top_module_beh.prj work.top_module work.glbl 
ISim P.20131013 (signature 0x7708f090)
Number of CPUs detected in this system: 8
Turning on mult-threading, number of parallel sub-compilation jobs: 16 
Determining compilation order of HDL files
Analyzing Verilog file "E:/faculta/FIC/0xcHa0s/xcHa0s/multiplier.v" into library work
Analyzing Verilog file "E:/faculta/FIC/0xcHa0s/xcHa0s/divider.v" into library work
Analyzing Verilog file "E:/faculta/FIC/0xcHa0s/xcHa0s/SignExtend.v" into library work
Analyzing Verilog file "E:/faculta/FIC/0xcHa0s/xcHa0s/register.v" into library work
Analyzing Verilog file "E:/faculta/FIC/0xcHa0s/xcHa0s/controlUnit.v" into library work
Analyzing Verilog file "E:/faculta/FIC/0xcHa0s/xcHa0s/ALU.v" into library work
Analyzing Verilog file "E:/faculta/FIC/0xcHa0s/xcHa0s/instr_mem.v" into library work
Analyzing Verilog file "E:/faculta/FIC/0xcHa0s/xcHa0s/data_mem.v" into library work
Analyzing Verilog file "E:/faculta/FIC/0xcHa0s/xcHa0s/cpu.v" into library work
Analyzing Verilog file "E:/faculta/FIC/0xcHa0s/xcHa0s/top_module.v" into library work
Analyzing Verilog file "E:/faculta/ISE14.7-Xilinx/14.7/ISE_DS/ISE//verilog/src/glbl.v" into library work
Starting static elaboration
Completed static elaboration
Compiling module SignExtend
Compiling module register(WIDTH=4)
Compiling module controlUnit
Compiling module register
Compiling module register(WIDTH=10)
Compiling module multiplier
Compiling module divider
Compiling module ALU
Compiling module register(WIDTH=9)
Compiling module cpu
Compiling module data_mem
Compiling module instr_mem
Compiling module top_module
Compiling module glbl
Time Resolution for simulation is 1ps.
Waiting for 1 sub-compilation(s) to finish...
Compiled 14 Verilog Units
Built simulation executable E:/faculta/FIC/0xcHa0s/xcHa0s/top_module_isim_beh.exe
Fuse Memory Usage: 30984 KB
Fuse CPU Usage: 546 ms
